SF:lib\main\app_env.dart
DA:8,1
DA:9,1
DA:10,1
DA:11,1
DA:14,4
DA:18,2
DA:20,2
DA:24,2
DA:26,3
DA:28,6
DA:30,3
LF:11
LH:11
end_of_record
SF:lib\firebase_options.dart
DA:18,0
DA:20,0
DA:25,0
DA:26,0
DA:28,0
DA:30,0
DA:31,0
DA:35,0
DA:36,0
DA:40,0
DA:41,0
DA:46,0
LF:12
LH:0
end_of_record
SF:lib\main\app.dart
DA:6,1
DA:10,1
DA:12,1
DA:14,2
DA:16,2
DA:18,1
LF:6
LH:6
end_of_record
SF:lib\features\splash\presentation\pages\splash_page.dart
DA:6,1
DA:8,0
DA:10,0
DA:11,0
LF:4
LH:1
end_of_record
SF:lib\main.dart
DA:8,0
DA:9,0
DA:10,0
DA:11,0
DA:12,0
DA:14,0
LF:6
LH:0
end_of_record
SF:lib\router\app_router.dart
DA:9,1
DA:10,1
DA:11,1
LF:3
LH:3
end_of_record
